<?xml version="1.0" encoding="UTF-8"?>
<!-- Generated by org.testng.reporters.JUnitReportReporter -->
<testsuite hostname="DESKTOP-D0JLFQF" failures="0" tests="1" name="Wobb_ai_SignUp_Page_Test.SignPageTest" time="4.430" errors="0" timestamp="2023-04-04T22:26:16 IST" skipped="0">
  <testcase classname="Wobb_ai_SignUp_Page_Test.SignPageTest" name="Verification_of_Sign_Up_Functionality_by_using_all_valid_data" time="4.430"/>
  <system-out/>
</testsuite> <!-- Wobb_ai_SignUp_Page_Test.SignPageTest -->
