<?xml version="1.0" encoding="UTF-8"?>
<!-- Generated by org.testng.reporters.JUnitReportReporter -->
<testsuite hostname="DESKTOP-D0JLFQF" failures="0" tests="1" name="SignUpPageTest.SignPageTest" time="0.321" errors="0" timestamp="2023-04-04T13:23:11 IST" skipped="0">
  <testcase classname="SignUpPageTest.SignPageTest" name="testmethod" time="0.321"/>
  <system-out/>
</testsuite> <!-- SignUpPageTest.SignPageTest -->
