<?xml version="1.0" encoding="UTF-8"?>
<!-- Generated by org.testng.reporters.JUnitReportReporter -->
<testsuite hostname="DESKTOP-D0JLFQF" failures="0" tests="1" name="Wobb_ai_SignUp_Page_Test.Sign_Up_PageTest" time="15.185" errors="0" timestamp="2023-04-05T10:31:57 IST" skipped="0">
  <testcase classname="Wobb_ai_SignUp_Page_Test.Sign_Up_PageTest" name="Verification_of_Sign_Up_Functionality_by_using_all_valid_data" time="15.185"/>
  <system-out/>
</testsuite> <!-- Wobb_ai_SignUp_Page_Test.Sign_Up_PageTest -->
