<?xml version="1.0" encoding="UTF-8"?>
<!-- Generated by org.testng.reporters.JUnitReportReporter -->
<testsuite hostname="DESKTOP-D0JLFQF" failures="0" tests="1" name="Wobb_ai_Post_Campaign_Test.Wobb_ai_Home_Page_Campaign_Status_Test" time="6.397" errors="0" timestamp="2023-04-04T16:58:52 IST" skipped="0">
  <testcase classname="Wobb_ai_Post_Campaign_Test.Wobb_ai_Home_Page_Campaign_Status_Test" name="Verification_of_Campaign_Status_section_All_option_present_on_Dashboard" time="6.397"/>
  <system-out/>
</testsuite> <!-- Wobb_ai_Post_Campaign_Test.Wobb_ai_Home_Page_Campaign_Status_Test -->
