<?xml version="1.0" encoding="UTF-8"?>
<!-- Generated by org.testng.reporters.JUnitReportReporter -->
<testsuite hostname="DESKTOP-D0JLFQF" failures="0" tests="1" name="Wobb_ai_Post_Campaign_Test.Wobb_ai_Post_Campaign_Test" time="23.851" errors="0" timestamp="2023-04-04T22:26:16 IST" skipped="0">
  <testcase classname="Wobb_ai_Post_Campaign_Test.Wobb_ai_Post_Campaign_Test" name="Verification_of_Post_Campaign_Feature" time="23.851"/>
  <system-out/>
</testsuite> <!-- Wobb_ai_Post_Campaign_Test.Wobb_ai_Post_Campaign_Test -->
