<?xml version="1.0" encoding="UTF-8"?>
<!-- Generated by org.testng.reporters.JUnitReportReporter -->
<testsuite hostname="DESKTOP-D0JLFQF" failures="0" tests="1" name="Wobb_ai_Sign_in_Test.Wobb_ai_Sign_in_Test" time="9.877" errors="0" timestamp="2023-04-05T09:40:22 IST" skipped="0">
  <testcase classname="Wobb_ai_Sign_in_Test.Wobb_ai_Sign_in_Test" name="loginToApplication" time="9.877"/>
  <system-out/>
</testsuite> <!-- Wobb_ai_Sign_in_Test.Wobb_ai_Sign_in_Test -->
